<?xml version="1.0" encoding="UTF-8"?>
<!-- Generated by org.testng.reporters.JUnitXMLReporter -->
<testsuite hostname="LAPTOP-SGJDQTGR" name="Test" tests="7" failures="2" timestamp="9 Dec 2018 23:10:24 GMT" time="0.02" errors="0">
  <testcase name="test1" time="0.001" classname="selenium.Testing1"/>
  <testcase name="test2" time="0.0" classname="selenium.Testing1"/>
  <testcase name="f" time="0.0" classname="selenium.Testing1"/>
  <testcase name="f" time="0.0" classname="selenium.Testing1"/>
  <testcase name="homeTest" time="0.001" classname="selenium.Testing3"/>
  <testcase name="mainTest" time="0.002" classname="selenium.Testing3">
    <failure type="java.lang.AssertionError" message="The following asserts failed:
	Verifying element expected [true] but found [false]">
      <![CDATA[java.lang.AssertionError: The following asserts failed:
	Verifying element expected [true] but found [false]
	at selenium.Testing3.mainTest(Testing3.java:25)
... Removed 24 stack frames]]>
    </failure>
  </testcase> <!-- mainTest -->
  <testcase name="endTest" time="0.001" classname="selenium.Testing3">
    <failure type="java.lang.AssertionError" message="The following asserts failed:
	Verifying element expected [true] but found [false],
	Verifying element expected [true] but found [false],
	expected [abc1] but found [abc]">
      <![CDATA[java.lang.AssertionError: The following asserts failed:
	Verifying element expected [true] but found [false],
	Verifying element expected [true] but found [false],
	expected [abc1] but found [abc]
	at selenium.Testing3.endTest(Testing3.java:35)
... Removed 24 stack frames]]>
    </failure>
  </testcase> <!-- endTest -->
</testsuite> <!-- Test -->
