<?xml version="1.0" encoding="UTF-8"?>
<!-- Generated by org.testng.reporters.JUnitXMLReporter -->
<testsuite hostname="LAPTOP-SGJDQTGR" ignored="0" name="Surefire test" tests="7" failures="1" timestamp="15 Dec 2018 21:55:17 GMT" time="0.09" errors="0">
  <testcase name="f" time="0.0" classname="com.testing.Testing1"/>
  <testcase name="f" time="0.001" classname="com.testing.Testing1"/>
  <testcase name="test1" time="0.0" classname="com.testing.Testing1"/>
  <testcase name="test2" time="0.001" classname="com.testing.Testing1"/>
  <testcase name="homeTest" time="0.002" classname="com.testing.Testing3"/>
  <testcase name="mainTest" time="0.024" classname="com.testing.Testing3">
    <failure type="java.lang.AssertionError" message="The following asserts failed:
	Verifying element expected [true] but found [false]">
      <![CDATA[java.lang.AssertionError: The following asserts failed:
Verifying element expected [true] but found [false]
at com.testing.Testing3.mainTest(Testing3.java:25)
... Removed 31 stack frames]]>
    </failure>
  </testcase> <!-- mainTest -->
  <testcase name="endTest" time="0.0" classname="com.testing.Testing3">
    <skipped/>
  </testcase> <!-- endTest -->
</testsuite> <!-- Surefire test -->
