<!DOCTYPE html PUBLIC "-//W3C//DTD XHTML 1.1//EN" "http://www.w3.org/TR/xhtml11/DTD/xhtml11.dtd">
<html xmlns="http://www.w3.org/1999/xhtml"><head><title>TestNG Report</title><style type="text/css">table {margin-bottom:10px;border-collapse:collapse;empty-cells:show}th,td {border:1px solid #009;padding:.25em .5em}th {vertical-align:bottom}td {vertical-align:top}table a {font-weight:bold}.stripe td {background-color: #E6EBF9}.num {text-align:right}.passedodd td {background-color: #3F3}.passedeven td {background-color: #0A0}.skippedodd td {background-color: #DDD}.skippedeven td {background-color: #CCC}.failedodd td,.attn {background-color: #F33}.failedeven td,.stripe .attn {background-color: #D00}.stacktrace {white-space:pre;font-family:monospace}.totop {font-size:85%;text-align:center;border-bottom:2px solid #000}</style></head><body><table><tr><th>Test</th><th># Passed</th><th># Skipped</th><th># Failed</th><th>Time (ms)</th><th>Included Groups</th><th>Excluded Groups</th></tr><tr><th colspan="7">Suite</th></tr><tr><td><a href="#t0">Test</a></td><td class="num">5</td><td class="num">0</td><td class="num attn">2</td><td class="num">20</td><td></td><td></td></tr></table><table><thead><tr><th>Class</th><th>Method</th><th>Start</th><th>Time (ms)</th></tr></thead><tbody><tr><th colspan="4">Suite</th></tr></tbody><tbody id="t0"><tr><th colspan="4">Test &#8212; failed</th></tr><tr class="failedeven"><td rowspan="2">selenium.Testing3</td><td><a href="#m0">endTest</a></td><td rowspan="1">1544397024314</td><td rowspan="1">1</td></tr><tr class="failedeven"><td><a href="#m1">mainTest</a></td><td rowspan="1">1544397024312</td><td rowspan="1">2</td></tr><tr><th colspan="4">Test &#8212; passed</th></tr><tr class="passedeven"><td rowspan="4">selenium.Testing1</td><td><a href="#m2">f</a></td><td rowspan="2">1544397024308</td><td rowspan="2">0</td></tr><tr class="passedeven"><td><a href="#m3">f</a></td></tr><tr class="passedeven"><td><a href="#m4">test1</a></td><td rowspan="1">1544397024303</td><td rowspan="1">1</td></tr><tr class="passedeven"><td><a href="#m5">test2</a></td><td rowspan="1">1544397024305</td><td rowspan="1">0</td></tr><tr class="passedodd"><td rowspan="1">selenium.Testing3</td><td><a href="#m6">homeTest</a></td><td rowspan="1">1544397024310</td><td rowspan="1">1</td></tr></tbody></table><h2>Test</h2><h3 id="m0">selenium.Testing3#endTest</h3><table class="result"><tr><th>Exception</th></tr><tr><td><div class="stacktrace">java.lang.AssertionError: The following asserts failed:
	Verifying element expected [true] but found [false],
	Verifying element expected [true] but found [false],
	expected [abc1] but found [abc]
	at selenium.Testing3.endTest(Testing3.java:35)
... Removed 24 stack frames</div></td></tr></table><p class="totop"><a href="#summary">back to summary</a></p><h3 id="m1">selenium.Testing3#mainTest</h3><table class="result"><tr><th>Exception</th></tr><tr><td><div class="stacktrace">java.lang.AssertionError: The following asserts failed:
	Verifying element expected [true] but found [false]
	at selenium.Testing3.mainTest(Testing3.java:25)
... Removed 24 stack frames</div></td></tr></table><p class="totop"><a href="#summary">back to summary</a></p><h3 id="m2">selenium.Testing1#f</h3><table class="result"><tr class="param"><th>Parameter #1</th><th>Parameter #2</th></tr><tr class="param stripe"><td>2</td><td>b</td></tr></table><p class="totop"><a href="#summary">back to summary</a></p><h3 id="m3">selenium.Testing1#f</h3><table class="result"><tr class="param"><th>Parameter #1</th><th>Parameter #2</th></tr><tr class="param stripe"><td>1</td><td>a</td></tr></table><p class="totop"><a href="#summary">back to summary</a></p><h3 id="m4">selenium.Testing1#test1</h3><table class="result"></table><p class="totop"><a href="#summary">back to summary</a></p><h3 id="m5">selenium.Testing1#test2</h3><table class="result"></table><p class="totop"><a href="#summary">back to summary</a></p><h3 id="m6">selenium.Testing3#homeTest</h3><table class="result"></table><p class="totop"><a href="#summary">back to summary</a></p></body></html>