<?xml version="1.0" encoding="UTF-8"?>
<testng-results skipped="1" failed="1" ignored="0" total="7" passed="5">
  <reporter-output>
  </reporter-output>
  <suite name="Surefire suite" duration-ms="90" started-at="2018-12-15T21:55:17Z" finished-at="2018-12-15T21:55:17Z">
    <groups>
      <group name="Sanity">
        <method signature="Testing3.homeTest()[pri:1, instance:com.testing.Testing3@5315b42e]" name="homeTest" class="com.testing.Testing3"/>
        <method signature="Testing3.mainTest()[pri:2, instance:com.testing.Testing3@5315b42e]" name="mainTest" class="com.testing.Testing3"/>
      </group> <!-- Sanity -->
      <group name="Smoke">
        <method signature="Testing3.mainTest()[pri:2, instance:com.testing.Testing3@5315b42e]" name="mainTest" class="com.testing.Testing3"/>
      </group> <!-- Smoke -->
    </groups>
    <test name="Surefire test" duration-ms="90" started-at="2018-12-15T21:55:17Z" finished-at="2018-12-15T21:55:17Z">
      <class name="com.testing.Testing3">
        <test-method status="PASS" signature="homeTest()[pri:1, instance:com.testing.Testing3@5315b42e]" name="homeTest" duration-ms="2" started-at="2018-12-15T21:55:17Z" finished-at="2018-12-15T21:55:17Z">
          <reporter-output>
          </reporter-output>
        </test-method> <!-- homeTest -->
        <test-method status="FAIL" signature="mainTest()[pri:2, instance:com.testing.Testing3@5315b42e]" name="mainTest" duration-ms="24" started-at="2018-12-15T21:55:17Z" depends-on-methods="com.testing.Testing3.homeTest" finished-at="2018-12-15T21:55:17Z">
          <exception class="java.lang.AssertionError">
            <message>
              <![CDATA[The following asserts failed:
Verifying element expected [true] but found [false]]]>
            </message>
            <full-stacktrace>
              <![CDATA[java.lang.AssertionError: The following asserts failed:
Verifying element expected [true] but found [false]
at org.testng.asserts.SoftAssert.assertAll(SoftAssert.java:43)
at com.testing.Testing3.mainTest(Testing3.java:25)
at sun.reflect.NativeMethodAccessorImpl.invoke0(Native Method)
at sun.reflect.NativeMethodAccessorImpl.invoke(NativeMethodAccessorImpl.java:62)
at sun.reflect.DelegatingMethodAccessorImpl.invoke(DelegatingMethodAccessorImpl.java:43)
at java.lang.reflect.Method.invoke(Method.java:498)
at org.testng.internal.MethodInvocationHelper.invokeMethod(MethodInvocationHelper.java:124)
at org.testng.internal.Invoker.invokeMethod(Invoker.java:583)
at org.testng.internal.Invoker.invokeTestMethod(Invoker.java:719)
at org.testng.internal.Invoker.invokeTestMethods(Invoker.java:989)
at org.testng.internal.TestMethodWorker.invokeTestMethods(TestMethodWorker.java:125)
at org.testng.internal.TestMethodWorker.run(TestMethodWorker.java:109)
at org.testng.TestRunner.privateRun(TestRunner.java:648)
at org.testng.TestRunner.run(TestRunner.java:505)
at org.testng.SuiteRunner.runTest(SuiteRunner.java:455)
at org.testng.SuiteRunner.runSequentially(SuiteRunner.java:450)
at org.testng.SuiteRunner.privateRun(SuiteRunner.java:415)
at org.testng.SuiteRunner.run(SuiteRunner.java:364)
at org.testng.SuiteRunnerWorker.runSuite(SuiteRunnerWorker.java:52)
at org.testng.SuiteRunnerWorker.run(SuiteRunnerWorker.java:84)
at org.testng.TestNG.runSuitesSequentially(TestNG.java:1208)
at org.testng.TestNG.runSuitesLocally(TestNG.java:1137)
at org.testng.TestNG.runSuites(TestNG.java:1049)
at org.testng.TestNG.run(TestNG.java:1017)
at org.apache.maven.surefire.testng.TestNGExecutor.run(TestNGExecutor.java:135)
at org.apache.maven.surefire.testng.TestNGDirectoryTestSuite.executeMulti(TestNGDirectoryTestSuite.java:193)
at org.apache.maven.surefire.testng.TestNGDirectoryTestSuite.execute(TestNGDirectoryTestSuite.java:94)
at org.apache.maven.surefire.testng.TestNGProvider.invoke(TestNGProvider.java:146)
at org.apache.maven.surefire.booter.ForkedBooter.invokeProviderInSameClassLoader(ForkedBooter.java:373)
at org.apache.maven.surefire.booter.ForkedBooter.runSuitesInProcess(ForkedBooter.java:334)
at org.apache.maven.surefire.booter.ForkedBooter.execute(ForkedBooter.java:119)
at org.apache.maven.surefire.booter.ForkedBooter.main(ForkedBooter.java:407)
]]>
            </full-stacktrace>
          </exception> <!-- java.lang.AssertionError -->
          <reporter-output>
          </reporter-output>
        </test-method> <!-- mainTest -->
        <test-method status="SKIP" signature="endTest()[pri:3, instance:com.testing.Testing3@5315b42e]" name="endTest" duration-ms="0" started-at="2018-12-15T21:55:17Z" depends-on-methods="com.testing.Testing3.mainTest" finished-at="2018-12-15T21:55:17Z">
          <exception class="java.lang.Throwable">
            <message>
              <![CDATA[Method Testing3.endTest()[pri:3, instance:com.testing.Testing3@5315b42e] depends on not successfully finished methods]]>
            </message>
            <full-stacktrace>
              <![CDATA[java.lang.Throwable: Method Testing3.endTest()[pri:3, instance:com.testing.Testing3@5315b42e] depends on not successfully finished methods
at org.testng.internal.Invoker.invokeTestMethods(Invoker.java:888)
at org.testng.internal.TestMethodWorker.invokeTestMethods(TestMethodWorker.java:125)
at org.testng.internal.TestMethodWorker.run(TestMethodWorker.java:109)
at org.testng.TestRunner.privateRun(TestRunner.java:648)
at org.testng.TestRunner.run(TestRunner.java:505)
at org.testng.SuiteRunner.runTest(SuiteRunner.java:455)
at org.testng.SuiteRunner.runSequentially(SuiteRunner.java:450)
at org.testng.SuiteRunner.privateRun(SuiteRunner.java:415)
at org.testng.SuiteRunner.run(SuiteRunner.java:364)
at org.testng.SuiteRunnerWorker.runSuite(SuiteRunnerWorker.java:52)
at org.testng.SuiteRunnerWorker.run(SuiteRunnerWorker.java:84)
at org.testng.TestNG.runSuitesSequentially(TestNG.java:1208)
at org.testng.TestNG.runSuitesLocally(TestNG.java:1137)
at org.testng.TestNG.runSuites(TestNG.java:1049)
at org.testng.TestNG.run(TestNG.java:1017)
at org.apache.maven.surefire.testng.TestNGExecutor.run(TestNGExecutor.java:135)
at org.apache.maven.surefire.testng.TestNGDirectoryTestSuite.executeMulti(TestNGDirectoryTestSuite.java:193)
at org.apache.maven.surefire.testng.TestNGDirectoryTestSuite.execute(TestNGDirectoryTestSuite.java:94)
at org.apache.maven.surefire.testng.TestNGProvider.invoke(TestNGProvider.java:146)
at org.apache.maven.surefire.booter.ForkedBooter.invokeProviderInSameClassLoader(ForkedBooter.java:373)
at org.apache.maven.surefire.booter.ForkedBooter.runSuitesInProcess(ForkedBooter.java:334)
at org.apache.maven.surefire.booter.ForkedBooter.execute(ForkedBooter.java:119)
at org.apache.maven.surefire.booter.ForkedBooter.main(ForkedBooter.java:407)
]]>
            </full-stacktrace>
          </exception> <!-- java.lang.Throwable -->
          <reporter-output>
          </reporter-output>
        </test-method> <!-- endTest -->
      </class> <!-- com.testing.Testing3 -->
      <class name="com.testing.Testing1">
        <test-method status="PASS" signature="beforeSuite()[pri:0, instance:com.testing.Testing1@62043840]" name="beforeSuite" is-config="true" duration-ms="14" started-at="2018-12-15T21:55:17Z" finished-at="2018-12-15T21:55:17Z">
          <reporter-output>
          </reporter-output>
        </test-method> <!-- beforeSuite -->
        <test-method status="PASS" signature="beforeTest()[pri:0, instance:com.testing.Testing1@62043840]" name="beforeTest" is-config="true" duration-ms="0" started-at="2018-12-15T21:55:17Z" finished-at="2018-12-15T21:55:17Z">
          <reporter-output>
          </reporter-output>
        </test-method> <!-- beforeTest -->
        <test-method status="PASS" signature="beforeClass()[pri:0, instance:com.testing.Testing1@62043840]" name="beforeClass" is-config="true" duration-ms="1" started-at="2018-12-15T21:55:17Z" finished-at="2018-12-15T21:55:17Z">
          <reporter-output>
          </reporter-output>
        </test-method> <!-- beforeClass -->
        <test-method status="PASS" signature="beforeMethod()[pri:0, instance:com.testing.Testing1@62043840]" name="beforeMethod" is-config="true" duration-ms="1" started-at="2018-12-15T21:55:17Z" finished-at="2018-12-15T21:55:17Z">
          <reporter-output>
          </reporter-output>
        </test-method> <!-- beforeMethod -->
        <test-method status="PASS" signature="f(java.lang.Integer, java.lang.String)[pri:0, instance:com.testing.Testing1@62043840]" name="f" duration-ms="0" started-at="2018-12-15T21:55:17Z" data-provider="dp" finished-at="2018-12-15T21:55:17Z">
          <params>
            <param index="0">
              <value>
                <![CDATA[1]]>
              </value>
            </param>
            <param index="1">
              <value>
                <![CDATA[a]]>
              </value>
            </param>
          </params>
          <reporter-output>
          </reporter-output>
        </test-method> <!-- f -->
        <test-method status="PASS" signature="afterMethod()[pri:0, instance:com.testing.Testing1@62043840]" name="afterMethod" is-config="true" duration-ms="0" started-at="2018-12-15T21:55:17Z" finished-at="2018-12-15T21:55:17Z">
          <reporter-output>
          </reporter-output>
        </test-method> <!-- afterMethod -->
        <test-method status="PASS" signature="f(java.lang.Integer, java.lang.String)[pri:0, instance:com.testing.Testing1@62043840]" name="f" duration-ms="1" started-at="2018-12-15T21:55:17Z" data-provider="dp" finished-at="2018-12-15T21:55:17Z">
          <params>
            <param index="0">
              <value>
                <![CDATA[2]]>
              </value>
            </param>
            <param index="1">
              <value>
                <![CDATA[b]]>
              </value>
            </param>
          </params>
          <reporter-output>
          </reporter-output>
        </test-method> <!-- f -->
        <test-method status="PASS" signature="beforeMethod()[pri:0, instance:com.testing.Testing1@62043840]" name="beforeMethod" is-config="true" duration-ms="0" started-at="2018-12-15T21:55:17Z" finished-at="2018-12-15T21:55:17Z">
          <reporter-output>
          </reporter-output>
        </test-method> <!-- beforeMethod -->
        <test-method status="PASS" signature="afterMethod()[pri:0, instance:com.testing.Testing1@62043840]" name="afterMethod" is-config="true" duration-ms="1" started-at="2018-12-15T21:55:17Z" finished-at="2018-12-15T21:55:17Z">
          <reporter-output>
          </reporter-output>
        </test-method> <!-- afterMethod -->
        <test-method status="PASS" signature="beforeMethod()[pri:0, instance:com.testing.Testing1@62043840]" name="beforeMethod" is-config="true" duration-ms="1" started-at="2018-12-15T21:55:17Z" finished-at="2018-12-15T21:55:17Z">
          <reporter-output>
          </reporter-output>
        </test-method> <!-- beforeMethod -->
        <test-method status="PASS" signature="afterMethod()[pri:0, instance:com.testing.Testing1@62043840]" name="afterMethod" is-config="true" duration-ms="2" started-at="2018-12-15T21:55:17Z" finished-at="2018-12-15T21:55:17Z">
          <reporter-output>
          </reporter-output>
        </test-method> <!-- afterMethod -->
        <test-method status="PASS" signature="test1()[pri:0, instance:com.testing.Testing1@62043840]" name="test1" duration-ms="0" started-at="2018-12-15T21:55:17Z" finished-at="2018-12-15T21:55:17Z">
          <reporter-output>
          </reporter-output>
        </test-method> <!-- test1 -->
        <test-method status="PASS" signature="beforeMethod()[pri:0, instance:com.testing.Testing1@62043840]" name="beforeMethod" is-config="true" duration-ms="0" started-at="2018-12-15T21:55:17Z" finished-at="2018-12-15T21:55:17Z">
          <reporter-output>
          </reporter-output>
        </test-method> <!-- beforeMethod -->
        <test-method status="PASS" signature="test2()[pri:0, instance:com.testing.Testing1@62043840]" name="test2" duration-ms="1" started-at="2018-12-15T21:55:17Z" finished-at="2018-12-15T21:55:17Z">
          <reporter-output>
          </reporter-output>
        </test-method> <!-- test2 -->
        <test-method status="PASS" signature="afterMethod()[pri:0, instance:com.testing.Testing1@62043840]" name="afterMethod" is-config="true" duration-ms="1" started-at="2018-12-15T21:55:17Z" finished-at="2018-12-15T21:55:17Z">
          <reporter-output>
          </reporter-output>
        </test-method> <!-- afterMethod -->
        <test-method status="PASS" signature="afterClass()[pri:0, instance:com.testing.Testing1@62043840]" name="afterClass" is-config="true" duration-ms="0" started-at="2018-12-15T21:55:17Z" finished-at="2018-12-15T21:55:17Z">
          <reporter-output>
          </reporter-output>
        </test-method> <!-- afterClass -->
        <test-method status="PASS" signature="afterTest()[pri:0, instance:com.testing.Testing1@62043840]" name="afterTest" is-config="true" duration-ms="0" started-at="2018-12-15T21:55:17Z" finished-at="2018-12-15T21:55:17Z">
          <reporter-output>
          </reporter-output>
        </test-method> <!-- afterTest -->
        <test-method status="PASS" signature="afterSuite()[pri:0, instance:com.testing.Testing1@62043840]" name="afterSuite" is-config="true" duration-ms="1" started-at="2018-12-15T21:55:17Z" finished-at="2018-12-15T21:55:17Z">
          <reporter-output>
          </reporter-output>
        </test-method> <!-- afterSuite -->
      </class> <!-- com.testing.Testing1 -->
    </test> <!-- Surefire test -->
  </suite> <!-- Surefire suite -->
</testng-results>
