<html xmlns:math="http://exslt.org/math" xmlns:testng="http://testng.org">
   <head>
      <title>TestNG Results</title>
      <meta http-equiv="content-type" content="text/html; charset=utf-8"></meta>
      <meta http-equiv="pragma" content="no-cache"></meta>
      <meta http-equiv="cache-control" content="max-age=0"></meta>
      <meta http-equiv="cache-control" content="no-cache"></meta>
      <meta http-equiv="cache-control" content="no-store"></meta>
      <LINK rel="stylesheet" href="style.css"></LINK>
      <script type="text/javascript" src="main.js"></script>
   </head>
   <body>
      <table width="100%" style="font-size: 16px; margin-bottom: 10px;" cellspacing="1">
         <tr>
            <td width="100%">
               Test case
               
               <b>Test</b>
            </td>
            <td style="background-color: #FFBBBB; padding: 3px 3px 3px 0;" align="center">
               <div style="width: 50px;">2</div>
            </td>
            <td style="background-color: lightgreen; padding: 3px 3px 3px 0;" align="center">
               <div style="width: 50px;">5</div>
            </td>
            <td style="background-color: #FFFFBB; padding: 3px 3px 3px 0;" align="center">
               <div style="width: 50px;">0</div>
            </td>
            <td align="center" style="background-color: #eaf0f7; padding: 3px 3px 3px 0;">
               <div style="width: 50px;">7</div>
            </td>
            <td align="center"
                style="font-weight: bold; background-color: #eaf0f7; padding: 3px 3px 3px 0;">
               <div style="width: 50px;">71%</div>
            </td>
            <td style="background-color: #eaf0f7; padding: 3px 3px 3px 0;" align="center"
                nowrap="true">20 ms
               
            </td>
         </tr>
      </table>
      <div style="width: 200px;">
         <label for="groupMethodsCheckBox" style="font-weight: bold; margin: 0;">
            <input id="groupMethodsCheckBox" type="checkbox" onclick="switchTestMethodsView(this)"></input>
            Group by class
            
         </label>
         <br></br>
         <label for="methodsFilter_ALL" style="font-weight: bold; margin: 0;">
            <input id="methodsFilter_ALL" type="checkbox"
                   onclick="testMethodsFilterChanged(this, 'ALL')"></input>
            All
            
         </label>
      </div>
      <label for="methodsFilter_FAIL" style="margin-left: 20px;">
         <input id="methodsFilter_FAIL" type="checkbox"
                onclick="testMethodsFilterChanged(this, 'FAIL')"
                checked=""></input>
         Failed
         
      </label>
      <label for="methodsFilter_PASS">
         <input id="methodsFilter_PASS" type="checkbox"
                onclick="testMethodsFilterChanged(this, 'PASS')"
                checked=""></input>
         Passed
         
      </label>
      <label for="methodsFilter_SKIP">
         <input id="methodsFilter_SKIP" type="checkbox"
                onclick="testMethodsFilterChanged(this, 'SKIP')"
                checked=""></input>
         Skipped
         
      </label>
      <label for="methodsFilter_CONF">
         <input id="methodsFilter_CONF" type="checkbox"
                onclick="testMethodsFilterChanged(this, 'CONF')"></input>
         Config
         
      </label>
      <br></br>
      <div id="testMethodsByStatus">
         <table class="testMethodsTable" cellpadding="0" cellspacing="0">
            <tr class="methodsTableHeader">
               <td width="100%">Name</td>
               <td nowrap="true">Started</td>
               <td nowrap="true">Duration</td>
               <td>Exception</td>
            </tr>
            <tr id="selenium.Testing3_mainTest_byStatus_failed_FAIL1_row"
                class="testMethodStatusFAIL">
               <td width="100%" class="firstMethodCell">
                  <a onclick="toggleDetailsVisibility('selenium.Testing3_mainTest_byStatus_failed_FAIL1_details')">mainTest()</a>
               </td>
               <td nowrap="true">18:10:24</td>
               <td nowrap="true" align="right">2 ms
                  
               </td>
               <td nowrap="true">
                  <a onclick="toggleDetailsVisibility('selenium.Testing3_mainTest_byStatus_failed_FAIL1_exception')">java.lang.AssertionError: 
                     The following asserts failed:
                     	Verifying element expected [true] but found [false]
                     
                  </a>
                   
                  
               </td>
            </tr>
            <tr>
               <td colspan="4" class="detailsBox">
                  <div id="selenium.Testing3_mainTest_byStatus_failed_FAIL1_details"
                       class="testMethodDetails">
                     <div>
                        <b>Name: </b>mainTest
                     </div>
                     <div>
                        <b>Signature: </b>mainTest()[pri:2, instance:selenium.Testing3@1ff8b8f]
                     </div>
                     <div>
                        <b>Start time: </b>18:10:24
                     </div>
                     <div>
                        <b>End time: </b>18:10:24
                     </div>
                     <div>
                        <b>Duration: </b>2 ms
                        
                     </div>
                     <div>
                        <b>Depends on methods:
                           
                        </b>
                        <div>
                               -
                           selenium.Testing3.homeTest
                        </div>
                     </div>
                  </div>
               </td>
            </tr>
            <tr>
               <td colspan="4" class="detailsBox">
                  <div id="selenium.Testing3_mainTest_byStatus_failed_FAIL1_exception"
                       class="testMethodDetails">
                     <pre style="padding: 5px; margin: 0;">java.lang.AssertionError: The following asserts failed:
                        	Verifying element expected [true] but found [false]
                        	at org.testng.asserts.SoftAssert.assertAll(SoftAssert.java:43)
                        	at selenium.Testing3.mainTest(Testing3.java:25)
                        	at sun.reflect.NativeMethodAccessorImpl.invoke0(Native Method)
                        	at sun.reflect.NativeMethodAccessorImpl.invoke(Unknown Source)
                        	at sun.reflect.DelegatingMethodAccessorImpl.invoke(Unknown Source)
                        	at java.lang.reflect.Method.invoke(Unknown Source)
                        	at org.testng.internal.MethodInvocationHelper.invokeMethod(MethodInvocationHelper.java:85)
                        	at org.testng.internal.Invoker.invokeMethod(Invoker.java:639)
                        	at org.testng.internal.Invoker.invokeTestMethod(Invoker.java:816)
                        	at org.testng.internal.Invoker.invokeTestMethods(Invoker.java:1124)
                        	at org.testng.internal.TestMethodWorker.invokeTestMethods(TestMethodWorker.java:125)
                        	at org.testng.internal.TestMethodWorker.run(TestMethodWorker.java:108)
                        	at org.testng.TestRunner.privateRun(TestRunner.java:774)
                        	at org.testng.TestRunner.run(TestRunner.java:624)
                        	at org.testng.SuiteRunner.runTest(SuiteRunner.java:359)
                        	at org.testng.SuiteRunner.runSequentially(SuiteRunner.java:354)
                        	at org.testng.SuiteRunner.privateRun(SuiteRunner.java:312)
                        	at org.testng.SuiteRunner.run(SuiteRunner.java:261)
                        	at org.testng.SuiteRunnerWorker.runSuite(SuiteRunnerWorker.java:52)
                        	at org.testng.SuiteRunnerWorker.run(SuiteRunnerWorker.java:86)
                        	at org.testng.TestNG.runSuitesSequentially(TestNG.java:1215)
                        	at org.testng.TestNG.runSuitesLocally(TestNG.java:1140)
                        	at org.testng.TestNG.run(TestNG.java:1048)
                        	at org.testng.TestNG.privateMain(TestNG.java:1355)
                        	at org.testng.TestNG.main(TestNG.java:1324)
                     </pre>
                  </div>
               </td>
            </tr>
            <tr id="selenium.Testing3_endTest_byStatus_failed_FAIL2_row"
                class="testMethodStatusFAIL">
               <td width="100%" class="firstMethodCell">
                  <a onclick="toggleDetailsVisibility('selenium.Testing3_endTest_byStatus_failed_FAIL2_details')">endTest()</a>
               </td>
               <td nowrap="true">18:10:24</td>
               <td nowrap="true" align="right">1 ms
                  
               </td>
               <td nowrap="true">
                  <a onclick="toggleDetailsVisibility('selenium.Testing3_endTest_byStatus_failed_FAIL2_exception')">java.lang.AssertionError: 
                     The following asserts failed:
                     	Verifying element expected [true] but found [false],
                     	Verifying element expected [true] but found [false],
                     	expected [abc1] but found [abc]
                     
                  </a>
                   
                  
               </td>
            </tr>
            <tr>
               <td colspan="4" class="detailsBox">
                  <div id="selenium.Testing3_endTest_byStatus_failed_FAIL2_details"
                       class="testMethodDetails">
                     <div>
                        <b>Name: </b>endTest
                     </div>
                     <div>
                        <b>Signature: </b>endTest()[pri:3, instance:selenium.Testing3@1ff8b8f]
                     </div>
                     <div>
                        <b>Start time: </b>18:10:24
                     </div>
                     <div>
                        <b>End time: </b>18:10:24
                     </div>
                     <div>
                        <b>Duration: </b>1 ms
                        
                     </div>
                     <div>
                        <b>Depends on methods:
                           
                        </b>
                        <div>
                               -
                           selenium.Testing3.homeTest
                        </div>
                     </div>
                  </div>
               </td>
            </tr>
            <tr>
               <td colspan="4" class="detailsBox">
                  <div id="selenium.Testing3_endTest_byStatus_failed_FAIL2_exception"
                       class="testMethodDetails">
                     <pre style="padding: 5px; margin: 0;">java.lang.AssertionError: The following asserts failed:
                        	Verifying element expected [true] but found [false],
                        	Verifying element expected [true] but found [false],
                        	expected [abc1] but found [abc]
                        	at org.testng.asserts.SoftAssert.assertAll(SoftAssert.java:43)
                        	at selenium.Testing3.endTest(Testing3.java:35)
                        	at sun.reflect.NativeMethodAccessorImpl.invoke0(Native Method)
                        	at sun.reflect.NativeMethodAccessorImpl.invoke(Unknown Source)
                        	at sun.reflect.DelegatingMethodAccessorImpl.invoke(Unknown Source)
                        	at java.lang.reflect.Method.invoke(Unknown Source)
                        	at org.testng.internal.MethodInvocationHelper.invokeMethod(MethodInvocationHelper.java:85)
                        	at org.testng.internal.Invoker.invokeMethod(Invoker.java:639)
                        	at org.testng.internal.Invoker.invokeTestMethod(Invoker.java:816)
                        	at org.testng.internal.Invoker.invokeTestMethods(Invoker.java:1124)
                        	at org.testng.internal.TestMethodWorker.invokeTestMethods(TestMethodWorker.java:125)
                        	at org.testng.internal.TestMethodWorker.run(TestMethodWorker.java:108)
                        	at org.testng.TestRunner.privateRun(TestRunner.java:774)
                        	at org.testng.TestRunner.run(TestRunner.java:624)
                        	at org.testng.SuiteRunner.runTest(SuiteRunner.java:359)
                        	at org.testng.SuiteRunner.runSequentially(SuiteRunner.java:354)
                        	at org.testng.SuiteRunner.privateRun(SuiteRunner.java:312)
                        	at org.testng.SuiteRunner.run(SuiteRunner.java:261)
                        	at org.testng.SuiteRunnerWorker.runSuite(SuiteRunnerWorker.java:52)
                        	at org.testng.SuiteRunnerWorker.run(SuiteRunnerWorker.java:86)
                        	at org.testng.TestNG.runSuitesSequentially(TestNG.java:1215)
                        	at org.testng.TestNG.runSuitesLocally(TestNG.java:1140)
                        	at org.testng.TestNG.run(TestNG.java:1048)
                        	at org.testng.TestNG.privateMain(TestNG.java:1355)
                        	at org.testng.TestNG.main(TestNG.java:1324)
                     </pre>
                  </div>
               </td>
            </tr>
            <tr id="selenium.Testing3_homeTest_byStatus_passed_PASS1_row"
                class="testMethodStatusPASS">
               <td width="100%" class="firstMethodCell">
                  <a onclick="toggleDetailsVisibility('selenium.Testing3_homeTest_byStatus_passed_PASS1_details')">homeTest()</a>
               </td>
               <td nowrap="true">18:10:24</td>
               <td nowrap="true" align="right">1 ms
                  
               </td>
               <td nowrap="true">
                   
                  
               </td>
            </tr>
            <tr>
               <td colspan="4" class="detailsBox">
                  <div id="selenium.Testing3_homeTest_byStatus_passed_PASS1_details"
                       class="testMethodDetails">
                     <div>
                        <b>Name: </b>homeTest
                     </div>
                     <div>
                        <b>Signature: </b>homeTest()[pri:1, instance:selenium.Testing3@1ff8b8f]
                     </div>
                     <div>
                        <b>Start time: </b>18:10:24
                     </div>
                     <div>
                        <b>End time: </b>18:10:24
                     </div>
                     <div>
                        <b>Duration: </b>1 ms
                        
                     </div>
                  </div>
               </td>
            </tr>
            <tr></tr>
            <tr id="selenium.Testing1_beforeSuite_byStatus_passed_PASS2_row"
                class="testMethodStatusPASS testMethodStatusCONF">
               <td width="100%" class="firstMethodCell">
                  <a onclick="toggleDetailsVisibility('selenium.Testing1_beforeSuite_byStatus_passed_PASS2_details')">beforeSuite()</a>
               </td>
               <td nowrap="true">18:10:24</td>
               <td nowrap="true" align="right">8 ms
                  
               </td>
               <td nowrap="true">
                   
                  
               </td>
            </tr>
            <tr>
               <td colspan="4" class="detailsBox">
                  <div id="selenium.Testing1_beforeSuite_byStatus_passed_PASS2_details"
                       class="testMethodDetails">
                     <div>
                        <b>Name: </b>beforeSuite
                     </div>
                     <div>
                        <b>Signature: </b>beforeSuite()[pri:0, instance:selenium.Testing1@1bc6a36e]
                     </div>
                     <div>
                        <b>Start time: </b>18:10:24
                     </div>
                     <div>
                        <b>End time: </b>18:10:24
                     </div>
                     <div>
                        <b>Duration: </b>8 ms
                        
                     </div>
                  </div>
               </td>
            </tr>
            <tr></tr>
            <tr id="selenium.Testing1_beforeTest_byStatus_passed_PASS3_row"
                class="testMethodStatusPASS testMethodStatusCONF">
               <td width="100%" class="firstMethodCell">
                  <a onclick="toggleDetailsVisibility('selenium.Testing1_beforeTest_byStatus_passed_PASS3_details')">beforeTest()</a>
               </td>
               <td nowrap="true">18:10:24</td>
               <td nowrap="true" align="right">0 ms
                  
               </td>
               <td nowrap="true">
                   
                  
               </td>
            </tr>
            <tr>
               <td colspan="4" class="detailsBox">
                  <div id="selenium.Testing1_beforeTest_byStatus_passed_PASS3_details"
                       class="testMethodDetails">
                     <div>
                        <b>Name: </b>beforeTest
                     </div>
                     <div>
                        <b>Signature: </b>beforeTest()[pri:0, instance:selenium.Testing1@1bc6a36e]
                     </div>
                     <div>
                        <b>Start time: </b>18:10:24
                     </div>
                     <div>
                        <b>End time: </b>18:10:24
                     </div>
                     <div>
                        <b>Duration: </b>0 ms
                        
                     </div>
                  </div>
               </td>
            </tr>
            <tr></tr>
            <tr id="selenium.Testing1_beforeClass_byStatus_passed_PASS4_row"
                class="testMethodStatusPASS testMethodStatusCONF">
               <td width="100%" class="firstMethodCell">
                  <a onclick="toggleDetailsVisibility('selenium.Testing1_beforeClass_byStatus_passed_PASS4_details')">beforeClass()</a>
               </td>
               <td nowrap="true">18:10:24</td>
               <td nowrap="true" align="right">0 ms
                  
               </td>
               <td nowrap="true">
                   
                  
               </td>
            </tr>
            <tr>
               <td colspan="4" class="detailsBox">
                  <div id="selenium.Testing1_beforeClass_byStatus_passed_PASS4_details"
                       class="testMethodDetails">
                     <div>
                        <b>Name: </b>beforeClass
                     </div>
                     <div>
                        <b>Signature: </b>beforeClass()[pri:0, instance:selenium.Testing1@1bc6a36e]
                     </div>
                     <div>
                        <b>Start time: </b>18:10:24
                     </div>
                     <div>
                        <b>End time: </b>18:10:24
                     </div>
                     <div>
                        <b>Duration: </b>0 ms
                        
                     </div>
                  </div>
               </td>
            </tr>
            <tr></tr>
            <tr id="selenium.Testing1_beforeMethod_byStatus_passed_PASS5_row"
                class="testMethodStatusPASS testMethodStatusCONF">
               <td width="100%" class="firstMethodCell">
                  <a onclick="toggleDetailsVisibility('selenium.Testing1_beforeMethod_byStatus_passed_PASS5_details')">beforeMethod()</a>
               </td>
               <td nowrap="true">18:10:24</td>
               <td nowrap="true" align="right">0 ms
                  
               </td>
               <td nowrap="true">
                   
                  
               </td>
            </tr>
            <tr>
               <td colspan="4" class="detailsBox">
                  <div id="selenium.Testing1_beforeMethod_byStatus_passed_PASS5_details"
                       class="testMethodDetails">
                     <div>
                        <b>Name: </b>beforeMethod
                     </div>
                     <div>
                        <b>Signature: </b>beforeMethod()[pri:0, instance:selenium.Testing1@1bc6a36e]
                     </div>
                     <div>
                        <b>Start time: </b>18:10:24
                     </div>
                     <div>
                        <b>End time: </b>18:10:24
                     </div>
                     <div>
                        <b>Duration: </b>0 ms
                        
                     </div>
                  </div>
               </td>
            </tr>
            <tr></tr>
            <tr id="selenium.Testing1_test1_byStatus_passed_PASS6_row"
                class="testMethodStatusPASS">
               <td width="100%" class="firstMethodCell">
                  <a onclick="toggleDetailsVisibility('selenium.Testing1_test1_byStatus_passed_PASS6_details')">test1()</a>
               </td>
               <td nowrap="true">18:10:24</td>
               <td nowrap="true" align="right">1 ms
                  
               </td>
               <td nowrap="true">
                   
                  
               </td>
            </tr>
            <tr>
               <td colspan="4" class="detailsBox">
                  <div id="selenium.Testing1_test1_byStatus_passed_PASS6_details"
                       class="testMethodDetails">
                     <div>
                        <b>Name: </b>test1
                     </div>
                     <div>
                        <b>Signature: </b>test1()[pri:0, instance:selenium.Testing1@1bc6a36e]
                     </div>
                     <div>
                        <b>Start time: </b>18:10:24
                     </div>
                     <div>
                        <b>End time: </b>18:10:24
                     </div>
                     <div>
                        <b>Duration: </b>1 ms
                        
                     </div>
                  </div>
               </td>
            </tr>
            <tr></tr>
            <tr id="selenium.Testing1_afterMethod_byStatus_passed_PASS7_row"
                class="testMethodStatusPASS testMethodStatusCONF">
               <td width="100%" class="firstMethodCell">
                  <a onclick="toggleDetailsVisibility('selenium.Testing1_afterMethod_byStatus_passed_PASS7_details')">afterMethod()</a>
               </td>
               <td nowrap="true">18:10:24</td>
               <td nowrap="true" align="right">0 ms
                  
               </td>
               <td nowrap="true">
                   
                  
               </td>
            </tr>
            <tr>
               <td colspan="4" class="detailsBox">
                  <div id="selenium.Testing1_afterMethod_byStatus_passed_PASS7_details"
                       class="testMethodDetails">
                     <div>
                        <b>Name: </b>afterMethod
                     </div>
                     <div>
                        <b>Signature: </b>afterMethod()[pri:0, instance:selenium.Testing1@1bc6a36e]
                     </div>
                     <div>
                        <b>Start time: </b>18:10:24
                     </div>
                     <div>
                        <b>End time: </b>18:10:24
                     </div>
                     <div>
                        <b>Duration: </b>0 ms
                        
                     </div>
                  </div>
               </td>
            </tr>
            <tr></tr>
            <tr id="selenium.Testing1_beforeMethod_byStatus_passed_PASS8_row"
                class="testMethodStatusPASS testMethodStatusCONF">
               <td width="100%" class="firstMethodCell">
                  <a onclick="toggleDetailsVisibility('selenium.Testing1_beforeMethod_byStatus_passed_PASS8_details')">beforeMethod()</a>
               </td>
               <td nowrap="true">18:10:24</td>
               <td nowrap="true" align="right">1 ms
                  
               </td>
               <td nowrap="true">
                   
                  
               </td>
            </tr>
            <tr>
               <td colspan="4" class="detailsBox">
                  <div id="selenium.Testing1_beforeMethod_byStatus_passed_PASS8_details"
                       class="testMethodDetails">
                     <div>
                        <b>Name: </b>beforeMethod
                     </div>
                     <div>
                        <b>Signature: </b>beforeMethod()[pri:0, instance:selenium.Testing1@1bc6a36e]
                     </div>
                     <div>
                        <b>Start time: </b>18:10:24
                     </div>
                     <div>
                        <b>End time: </b>18:10:24
                     </div>
                     <div>
                        <b>Duration: </b>1 ms
                        
                     </div>
                  </div>
               </td>
            </tr>
            <tr></tr>
            <tr id="selenium.Testing1_test2_byStatus_passed_PASS9_row"
                class="testMethodStatusPASS">
               <td width="100%" class="firstMethodCell">
                  <a onclick="toggleDetailsVisibility('selenium.Testing1_test2_byStatus_passed_PASS9_details')">test2()</a>
               </td>
               <td nowrap="true">18:10:24</td>
               <td nowrap="true" align="right">0 ms
                  
               </td>
               <td nowrap="true">
                   
                  
               </td>
            </tr>
            <tr>
               <td colspan="4" class="detailsBox">
                  <div id="selenium.Testing1_test2_byStatus_passed_PASS9_details"
                       class="testMethodDetails">
                     <div>
                        <b>Name: </b>test2
                     </div>
                     <div>
                        <b>Signature: </b>test2()[pri:0, instance:selenium.Testing1@1bc6a36e]
                     </div>
                     <div>
                        <b>Start time: </b>18:10:24
                     </div>
                     <div>
                        <b>End time: </b>18:10:24
                     </div>
                     <div>
                        <b>Duration: </b>0 ms
                        
                     </div>
                  </div>
               </td>
            </tr>
            <tr></tr>
            <tr id="selenium.Testing1_afterMethod_byStatus_passed_PASS10_row"
                class="testMethodStatusPASS testMethodStatusCONF">
               <td width="100%" class="firstMethodCell">
                  <a onclick="toggleDetailsVisibility('selenium.Testing1_afterMethod_byStatus_passed_PASS10_details')">afterMethod()</a>
               </td>
               <td nowrap="true">18:10:24</td>
               <td nowrap="true" align="right">0 ms
                  
               </td>
               <td nowrap="true">
                   
                  
               </td>
            </tr>
            <tr>
               <td colspan="4" class="detailsBox">
                  <div id="selenium.Testing1_afterMethod_byStatus_passed_PASS10_details"
                       class="testMethodDetails">
                     <div>
                        <b>Name: </b>afterMethod
                     </div>
                     <div>
                        <b>Signature: </b>afterMethod()[pri:0, instance:selenium.Testing1@1bc6a36e]
                     </div>
                     <div>
                        <b>Start time: </b>18:10:24
                     </div>
                     <div>
                        <b>End time: </b>18:10:24
                     </div>
                     <div>
                        <b>Duration: </b>0 ms
                        
                     </div>
                  </div>
               </td>
            </tr>
            <tr></tr>
            <tr id="selenium.Testing1_afterMethod_byStatus_passed_PASS11_row"
                class="testMethodStatusPASS testMethodStatusCONF">
               <td width="100%" class="firstMethodCell">
                  <a onclick="toggleDetailsVisibility('selenium.Testing1_afterMethod_byStatus_passed_PASS11_details')">afterMethod()</a>
               </td>
               <td nowrap="true">18:10:24</td>
               <td nowrap="true" align="right">0 ms
                  
               </td>
               <td nowrap="true">
                   
                  
               </td>
            </tr>
            <tr>
               <td colspan="4" class="detailsBox">
                  <div id="selenium.Testing1_afterMethod_byStatus_passed_PASS11_details"
                       class="testMethodDetails">
                     <div>
                        <b>Name: </b>afterMethod
                     </div>
                     <div>
                        <b>Signature: </b>afterMethod()[pri:0, instance:selenium.Testing1@1bc6a36e]
                     </div>
                     <div>
                        <b>Start time: </b>18:10:24
                     </div>
                     <div>
                        <b>End time: </b>18:10:24
                     </div>
                     <div>
                        <b>Duration: </b>0 ms
                        
                     </div>
                  </div>
               </td>
            </tr>
            <tr></tr>
            <tr id="selenium.Testing1_f_byStatus_passed_PASS12_row"
                class="testMethodStatusPASS">
               <td width="100%" class="firstMethodCell">
                  <a onclick="toggleDetailsVisibility('selenium.Testing1_f_byStatus_passed_PASS12_details')">f(1
                     
                     ,
                     
                     a)
                  </a>
               </td>
               <td nowrap="true">18:10:24</td>
               <td nowrap="true" align="right">0 ms
                  
               </td>
               <td nowrap="true">
                   
                  
               </td>
            </tr>
            <tr>
               <td colspan="4" class="detailsBox">
                  <div id="selenium.Testing1_f_byStatus_passed_PASS12_details"
                       class="testMethodDetails">
                     <div>
                        <b>Name: </b>f
                     </div>
                     <div>
                        <b>Signature: </b>f(java.lang.Integer, java.lang.String)[pri:0, instance:selenium.Testing1@1bc6a36e]
                     </div>
                     <div>
                        <b>Parameters: </b>
                        
                        1
                        
                        ,
                        
                        a
                        
                        
                     </div>
                     <div>
                        <b>Start time: </b>18:10:24
                     </div>
                     <div>
                        <b>End time: </b>18:10:24
                     </div>
                     <div>
                        <b>Duration: </b>0 ms
                        
                     </div>
                  </div>
               </td>
            </tr>
            <tr></tr>
            <tr id="selenium.Testing1_beforeMethod_byStatus_passed_PASS13_row"
                class="testMethodStatusPASS testMethodStatusCONF">
               <td width="100%" class="firstMethodCell">
                  <a onclick="toggleDetailsVisibility('selenium.Testing1_beforeMethod_byStatus_passed_PASS13_details')">beforeMethod()</a>
               </td>
               <td nowrap="true">18:10:24</td>
               <td nowrap="true" align="right">1 ms
                  
               </td>
               <td nowrap="true">
                   
                  
               </td>
            </tr>
            <tr>
               <td colspan="4" class="detailsBox">
                  <div id="selenium.Testing1_beforeMethod_byStatus_passed_PASS13_details"
                       class="testMethodDetails">
                     <div>
                        <b>Name: </b>beforeMethod
                     </div>
                     <div>
                        <b>Signature: </b>beforeMethod()[pri:0, instance:selenium.Testing1@1bc6a36e]
                     </div>
                     <div>
                        <b>Start time: </b>18:10:24
                     </div>
                     <div>
                        <b>End time: </b>18:10:24
                     </div>
                     <div>
                        <b>Duration: </b>1 ms
                        
                     </div>
                  </div>
               </td>
            </tr>
            <tr></tr>
            <tr id="selenium.Testing1_beforeMethod_byStatus_passed_PASS14_row"
                class="testMethodStatusPASS testMethodStatusCONF">
               <td width="100%" class="firstMethodCell">
                  <a onclick="toggleDetailsVisibility('selenium.Testing1_beforeMethod_byStatus_passed_PASS14_details')">beforeMethod()</a>
               </td>
               <td nowrap="true">18:10:24</td>
               <td nowrap="true" align="right">0 ms
                  
               </td>
               <td nowrap="true">
                   
                  
               </td>
            </tr>
            <tr>
               <td colspan="4" class="detailsBox">
                  <div id="selenium.Testing1_beforeMethod_byStatus_passed_PASS14_details"
                       class="testMethodDetails">
                     <div>
                        <b>Name: </b>beforeMethod
                     </div>
                     <div>
                        <b>Signature: </b>beforeMethod()[pri:0, instance:selenium.Testing1@1bc6a36e]
                     </div>
                     <div>
                        <b>Start time: </b>18:10:24
                     </div>
                     <div>
                        <b>End time: </b>18:10:24
                     </div>
                     <div>
                        <b>Duration: </b>0 ms
                        
                     </div>
                  </div>
               </td>
            </tr>
            <tr></tr>
            <tr id="selenium.Testing1_f_byStatus_passed_PASS15_row"
                class="testMethodStatusPASS">
               <td width="100%" class="firstMethodCell">
                  <a onclick="toggleDetailsVisibility('selenium.Testing1_f_byStatus_passed_PASS15_details')">f(2
                     
                     ,
                     
                     b)
                  </a>
               </td>
               <td nowrap="true">18:10:24</td>
               <td nowrap="true" align="right">0 ms
                  
               </td>
               <td nowrap="true">
                   
                  
               </td>
            </tr>
            <tr>
               <td colspan="4" class="detailsBox">
                  <div id="selenium.Testing1_f_byStatus_passed_PASS15_details"
                       class="testMethodDetails">
                     <div>
                        <b>Name: </b>f
                     </div>
                     <div>
                        <b>Signature: </b>f(java.lang.Integer, java.lang.String)[pri:0, instance:selenium.Testing1@1bc6a36e]
                     </div>
                     <div>
                        <b>Parameters: </b>
                        
                        2
                        
                        ,
                        
                        b
                        
                        
                     </div>
                     <div>
                        <b>Start time: </b>18:10:24
                     </div>
                     <div>
                        <b>End time: </b>18:10:24
                     </div>
                     <div>
                        <b>Duration: </b>0 ms
                        
                     </div>
                  </div>
               </td>
            </tr>
            <tr></tr>
            <tr id="selenium.Testing1_afterMethod_byStatus_passed_PASS16_row"
                class="testMethodStatusPASS testMethodStatusCONF">
               <td width="100%" class="firstMethodCell">
                  <a onclick="toggleDetailsVisibility('selenium.Testing1_afterMethod_byStatus_passed_PASS16_details')">afterMethod()</a>
               </td>
               <td nowrap="true">18:10:24</td>
               <td nowrap="true" align="right">0 ms
                  
               </td>
               <td nowrap="true">
                   
                  
               </td>
            </tr>
            <tr>
               <td colspan="4" class="detailsBox">
                  <div id="selenium.Testing1_afterMethod_byStatus_passed_PASS16_details"
                       class="testMethodDetails">
                     <div>
                        <b>Name: </b>afterMethod
                     </div>
                     <div>
                        <b>Signature: </b>afterMethod()[pri:0, instance:selenium.Testing1@1bc6a36e]
                     </div>
                     <div>
                        <b>Start time: </b>18:10:24
                     </div>
                     <div>
                        <b>End time: </b>18:10:24
                     </div>
                     <div>
                        <b>Duration: </b>0 ms
                        
                     </div>
                  </div>
               </td>
            </tr>
            <tr></tr>
            <tr id="selenium.Testing1_afterClass_byStatus_passed_PASS17_row"
                class="testMethodStatusPASS testMethodStatusCONF">
               <td width="100%" class="firstMethodCell">
                  <a onclick="toggleDetailsVisibility('selenium.Testing1_afterClass_byStatus_passed_PASS17_details')">afterClass()</a>
               </td>
               <td nowrap="true">18:10:24</td>
               <td nowrap="true" align="right">0 ms
                  
               </td>
               <td nowrap="true">
                   
                  
               </td>
            </tr>
            <tr>
               <td colspan="4" class="detailsBox">
                  <div id="selenium.Testing1_afterClass_byStatus_passed_PASS17_details"
                       class="testMethodDetails">
                     <div>
                        <b>Name: </b>afterClass
                     </div>
                     <div>
                        <b>Signature: </b>afterClass()[pri:0, instance:selenium.Testing1@1bc6a36e]
                     </div>
                     <div>
                        <b>Start time: </b>18:10:24
                     </div>
                     <div>
                        <b>End time: </b>18:10:24
                     </div>
                     <div>
                        <b>Duration: </b>0 ms
                        
                     </div>
                  </div>
               </td>
            </tr>
            <tr></tr>
            <tr id="selenium.Testing1_afterTest_byStatus_passed_PASS18_row"
                class="testMethodStatusPASS testMethodStatusCONF">
               <td width="100%" class="firstMethodCell">
                  <a onclick="toggleDetailsVisibility('selenium.Testing1_afterTest_byStatus_passed_PASS18_details')">afterTest()</a>
               </td>
               <td nowrap="true">18:10:24</td>
               <td nowrap="true" align="right">0 ms
                  
               </td>
               <td nowrap="true">
                   
                  
               </td>
            </tr>
            <tr>
               <td colspan="4" class="detailsBox">
                  <div id="selenium.Testing1_afterTest_byStatus_passed_PASS18_details"
                       class="testMethodDetails">
                     <div>
                        <b>Name: </b>afterTest
                     </div>
                     <div>
                        <b>Signature: </b>afterTest()[pri:0, instance:selenium.Testing1@1bc6a36e]
                     </div>
                     <div>
                        <b>Start time: </b>18:10:24
                     </div>
                     <div>
                        <b>End time: </b>18:10:24
                     </div>
                     <div>
                        <b>Duration: </b>0 ms
                        
                     </div>
                  </div>
               </td>
            </tr>
            <tr></tr>
            <tr id="selenium.Testing1_afterSuite_byStatus_passed_PASS19_row"
                class="testMethodStatusPASS testMethodStatusCONF">
               <td width="100%" class="firstMethodCell">
                  <a onclick="toggleDetailsVisibility('selenium.Testing1_afterSuite_byStatus_passed_PASS19_details')">afterSuite()</a>
               </td>
               <td nowrap="true">18:10:24</td>
               <td nowrap="true" align="right">1 ms
                  
               </td>
               <td nowrap="true">
                   
                  
               </td>
            </tr>
            <tr>
               <td colspan="4" class="detailsBox">
                  <div id="selenium.Testing1_afterSuite_byStatus_passed_PASS19_details"
                       class="testMethodDetails">
                     <div>
                        <b>Name: </b>afterSuite
                     </div>
                     <div>
                        <b>Signature: </b>afterSuite()[pri:0, instance:selenium.Testing1@1bc6a36e]
                     </div>
                     <div>
                        <b>Start time: </b>18:10:24
                     </div>
                     <div>
                        <b>End time: </b>18:10:24
                     </div>
                     <div>
                        <b>Duration: </b>1 ms
                        
                     </div>
                  </div>
               </td>
            </tr>
            <tr></tr>
         </table>
      </div>
      <div id="testMethodsByClass" style="display: none;">
         <table class="testMethodsTable" cellpadding="0" cellspacing="0">
            <tr>
               <td colspan="4">
                  <h3 style="display: inline;">selenium.Testing1</h3>
               </td>
            </tr>
            <tr class="methodsTableHeader">
               <td width="100%">Name</td>
               <td nowrap="true">Started</td>
               <td nowrap="true">Duration</td>
               <td>Exception</td>
            </tr>
            <tr id="selenium.Testing1_beforeSuite_byClass_PASS1_row"
                class="testMethodStatusPASS testMethodStatusCONF">
               <td width="100%" class="firstMethodCell">
                  <a onclick="toggleDetailsVisibility('selenium.Testing1_beforeSuite_byClass_PASS1_details')">beforeSuite()</a>
               </td>
               <td nowrap="true">18:10:24</td>
               <td nowrap="true" align="right">8 ms
                  
               </td>
               <td nowrap="true">
                   
                  
               </td>
            </tr>
            <tr>
               <td colspan="4" class="detailsBox">
                  <div id="selenium.Testing1_beforeSuite_byClass_PASS1_details"
                       class="testMethodDetails">
                     <div>
                        <b>Name: </b>beforeSuite
                     </div>
                     <div>
                        <b>Signature: </b>beforeSuite()[pri:0, instance:selenium.Testing1@1bc6a36e]
                     </div>
                     <div>
                        <b>Start time: </b>18:10:24
                     </div>
                     <div>
                        <b>End time: </b>18:10:24
                     </div>
                     <div>
                        <b>Duration: </b>8 ms
                        
                     </div>
                  </div>
               </td>
            </tr>
            <tr></tr>
            <tr id="selenium.Testing1_beforeTest_byClass_PASS2_row"
                class="testMethodStatusPASS testMethodStatusCONF">
               <td width="100%" class="firstMethodCell">
                  <a onclick="toggleDetailsVisibility('selenium.Testing1_beforeTest_byClass_PASS2_details')">beforeTest()</a>
               </td>
               <td nowrap="true">18:10:24</td>
               <td nowrap="true" align="right">0 ms
                  
               </td>
               <td nowrap="true">
                   
                  
               </td>
            </tr>
            <tr>
               <td colspan="4" class="detailsBox">
                  <div id="selenium.Testing1_beforeTest_byClass_PASS2_details"
                       class="testMethodDetails">
                     <div>
                        <b>Name: </b>beforeTest
                     </div>
                     <div>
                        <b>Signature: </b>beforeTest()[pri:0, instance:selenium.Testing1@1bc6a36e]
                     </div>
                     <div>
                        <b>Start time: </b>18:10:24
                     </div>
                     <div>
                        <b>End time: </b>18:10:24
                     </div>
                     <div>
                        <b>Duration: </b>0 ms
                        
                     </div>
                  </div>
               </td>
            </tr>
            <tr></tr>
            <tr id="selenium.Testing1_beforeClass_byClass_PASS3_row"
                class="testMethodStatusPASS testMethodStatusCONF">
               <td width="100%" class="firstMethodCell">
                  <a onclick="toggleDetailsVisibility('selenium.Testing1_beforeClass_byClass_PASS3_details')">beforeClass()</a>
               </td>
               <td nowrap="true">18:10:24</td>
               <td nowrap="true" align="right">0 ms
                  
               </td>
               <td nowrap="true">
                   
                  
               </td>
            </tr>
            <tr>
               <td colspan="4" class="detailsBox">
                  <div id="selenium.Testing1_beforeClass_byClass_PASS3_details"
                       class="testMethodDetails">
                     <div>
                        <b>Name: </b>beforeClass
                     </div>
                     <div>
                        <b>Signature: </b>beforeClass()[pri:0, instance:selenium.Testing1@1bc6a36e]
                     </div>
                     <div>
                        <b>Start time: </b>18:10:24
                     </div>
                     <div>
                        <b>End time: </b>18:10:24
                     </div>
                     <div>
                        <b>Duration: </b>0 ms
                        
                     </div>
                  </div>
               </td>
            </tr>
            <tr></tr>
            <tr id="selenium.Testing1_beforeMethod_byClass_PASS4_row"
                class="testMethodStatusPASS testMethodStatusCONF">
               <td width="100%" class="firstMethodCell">
                  <a onclick="toggleDetailsVisibility('selenium.Testing1_beforeMethod_byClass_PASS4_details')">beforeMethod()</a>
               </td>
               <td nowrap="true">18:10:24</td>
               <td nowrap="true" align="right">0 ms
                  
               </td>
               <td nowrap="true">
                   
                  
               </td>
            </tr>
            <tr>
               <td colspan="4" class="detailsBox">
                  <div id="selenium.Testing1_beforeMethod_byClass_PASS4_details"
                       class="testMethodDetails">
                     <div>
                        <b>Name: </b>beforeMethod
                     </div>
                     <div>
                        <b>Signature: </b>beforeMethod()[pri:0, instance:selenium.Testing1@1bc6a36e]
                     </div>
                     <div>
                        <b>Start time: </b>18:10:24
                     </div>
                     <div>
                        <b>End time: </b>18:10:24
                     </div>
                     <div>
                        <b>Duration: </b>0 ms
                        
                     </div>
                  </div>
               </td>
            </tr>
            <tr></tr>
            <tr id="selenium.Testing1_test1_byClass_PASS5_row" class="testMethodStatusPASS">
               <td width="100%" class="firstMethodCell">
                  <a onclick="toggleDetailsVisibility('selenium.Testing1_test1_byClass_PASS5_details')">test1()</a>
               </td>
               <td nowrap="true">18:10:24</td>
               <td nowrap="true" align="right">1 ms
                  
               </td>
               <td nowrap="true">
                   
                  
               </td>
            </tr>
            <tr>
               <td colspan="4" class="detailsBox">
                  <div id="selenium.Testing1_test1_byClass_PASS5_details" class="testMethodDetails">
                     <div>
                        <b>Name: </b>test1
                     </div>
                     <div>
                        <b>Signature: </b>test1()[pri:0, instance:selenium.Testing1@1bc6a36e]
                     </div>
                     <div>
                        <b>Start time: </b>18:10:24
                     </div>
                     <div>
                        <b>End time: </b>18:10:24
                     </div>
                     <div>
                        <b>Duration: </b>1 ms
                        
                     </div>
                  </div>
               </td>
            </tr>
            <tr></tr>
            <tr id="selenium.Testing1_afterMethod_byClass_PASS6_row"
                class="testMethodStatusPASS testMethodStatusCONF">
               <td width="100%" class="firstMethodCell">
                  <a onclick="toggleDetailsVisibility('selenium.Testing1_afterMethod_byClass_PASS6_details')">afterMethod()</a>
               </td>
               <td nowrap="true">18:10:24</td>
               <td nowrap="true" align="right">0 ms
                  
               </td>
               <td nowrap="true">
                   
                  
               </td>
            </tr>
            <tr>
               <td colspan="4" class="detailsBox">
                  <div id="selenium.Testing1_afterMethod_byClass_PASS6_details"
                       class="testMethodDetails">
                     <div>
                        <b>Name: </b>afterMethod
                     </div>
                     <div>
                        <b>Signature: </b>afterMethod()[pri:0, instance:selenium.Testing1@1bc6a36e]
                     </div>
                     <div>
                        <b>Start time: </b>18:10:24
                     </div>
                     <div>
                        <b>End time: </b>18:10:24
                     </div>
                     <div>
                        <b>Duration: </b>0 ms
                        
                     </div>
                  </div>
               </td>
            </tr>
            <tr></tr>
            <tr id="selenium.Testing1_beforeMethod_byClass_PASS7_row"
                class="testMethodStatusPASS testMethodStatusCONF">
               <td width="100%" class="firstMethodCell">
                  <a onclick="toggleDetailsVisibility('selenium.Testing1_beforeMethod_byClass_PASS7_details')">beforeMethod()</a>
               </td>
               <td nowrap="true">18:10:24</td>
               <td nowrap="true" align="right">1 ms
                  
               </td>
               <td nowrap="true">
                   
                  
               </td>
            </tr>
            <tr>
               <td colspan="4" class="detailsBox">
                  <div id="selenium.Testing1_beforeMethod_byClass_PASS7_details"
                       class="testMethodDetails">
                     <div>
                        <b>Name: </b>beforeMethod
                     </div>
                     <div>
                        <b>Signature: </b>beforeMethod()[pri:0, instance:selenium.Testing1@1bc6a36e]
                     </div>
                     <div>
                        <b>Start time: </b>18:10:24
                     </div>
                     <div>
                        <b>End time: </b>18:10:24
                     </div>
                     <div>
                        <b>Duration: </b>1 ms
                        
                     </div>
                  </div>
               </td>
            </tr>
            <tr></tr>
            <tr id="selenium.Testing1_test2_byClass_PASS8_row" class="testMethodStatusPASS">
               <td width="100%" class="firstMethodCell">
                  <a onclick="toggleDetailsVisibility('selenium.Testing1_test2_byClass_PASS8_details')">test2()</a>
               </td>
               <td nowrap="true">18:10:24</td>
               <td nowrap="true" align="right">0 ms
                  
               </td>
               <td nowrap="true">
                   
                  
               </td>
            </tr>
            <tr>
               <td colspan="4" class="detailsBox">
                  <div id="selenium.Testing1_test2_byClass_PASS8_details" class="testMethodDetails">
                     <div>
                        <b>Name: </b>test2
                     </div>
                     <div>
                        <b>Signature: </b>test2()[pri:0, instance:selenium.Testing1@1bc6a36e]
                     </div>
                     <div>
                        <b>Start time: </b>18:10:24
                     </div>
                     <div>
                        <b>End time: </b>18:10:24
                     </div>
                     <div>
                        <b>Duration: </b>0 ms
                        
                     </div>
                  </div>
               </td>
            </tr>
            <tr></tr>
            <tr id="selenium.Testing1_afterMethod_byClass_PASS9_row"
                class="testMethodStatusPASS testMethodStatusCONF">
               <td width="100%" class="firstMethodCell">
                  <a onclick="toggleDetailsVisibility('selenium.Testing1_afterMethod_byClass_PASS9_details')">afterMethod()</a>
               </td>
               <td nowrap="true">18:10:24</td>
               <td nowrap="true" align="right">0 ms
                  
               </td>
               <td nowrap="true">
                   
                  
               </td>
            </tr>
            <tr>
               <td colspan="4" class="detailsBox">
                  <div id="selenium.Testing1_afterMethod_byClass_PASS9_details"
                       class="testMethodDetails">
                     <div>
                        <b>Name: </b>afterMethod
                     </div>
                     <div>
                        <b>Signature: </b>afterMethod()[pri:0, instance:selenium.Testing1@1bc6a36e]
                     </div>
                     <div>
                        <b>Start time: </b>18:10:24
                     </div>
                     <div>
                        <b>End time: </b>18:10:24
                     </div>
                     <div>
                        <b>Duration: </b>0 ms
                        
                     </div>
                  </div>
               </td>
            </tr>
            <tr></tr>
            <tr id="selenium.Testing1_afterMethod_byClass_PASS10_row"
                class="testMethodStatusPASS testMethodStatusCONF">
               <td width="100%" class="firstMethodCell">
                  <a onclick="toggleDetailsVisibility('selenium.Testing1_afterMethod_byClass_PASS10_details')">afterMethod()</a>
               </td>
               <td nowrap="true">18:10:24</td>
               <td nowrap="true" align="right">0 ms
                  
               </td>
               <td nowrap="true">
                   
                  
               </td>
            </tr>
            <tr>
               <td colspan="4" class="detailsBox">
                  <div id="selenium.Testing1_afterMethod_byClass_PASS10_details"
                       class="testMethodDetails">
                     <div>
                        <b>Name: </b>afterMethod
                     </div>
                     <div>
                        <b>Signature: </b>afterMethod()[pri:0, instance:selenium.Testing1@1bc6a36e]
                     </div>
                     <div>
                        <b>Start time: </b>18:10:24
                     </div>
                     <div>
                        <b>End time: </b>18:10:24
                     </div>
                     <div>
                        <b>Duration: </b>0 ms
                        
                     </div>
                  </div>
               </td>
            </tr>
            <tr></tr>
            <tr id="selenium.Testing1_f_byClass_PASS11_row" class="testMethodStatusPASS">
               <td width="100%" class="firstMethodCell">
                  <a onclick="toggleDetailsVisibility('selenium.Testing1_f_byClass_PASS11_details')">f(1
                     
                     ,
                     
                     a)
                  </a>
               </td>
               <td nowrap="true">18:10:24</td>
               <td nowrap="true" align="right">0 ms
                  
               </td>
               <td nowrap="true">
                   
                  
               </td>
            </tr>
            <tr>
               <td colspan="4" class="detailsBox">
                  <div id="selenium.Testing1_f_byClass_PASS11_details" class="testMethodDetails">
                     <div>
                        <b>Name: </b>f
                     </div>
                     <div>
                        <b>Signature: </b>f(java.lang.Integer, java.lang.String)[pri:0, instance:selenium.Testing1@1bc6a36e]
                     </div>
                     <div>
                        <b>Parameters: </b>
                        
                        1
                        
                        ,
                        
                        a
                        
                        
                     </div>
                     <div>
                        <b>Start time: </b>18:10:24
                     </div>
                     <div>
                        <b>End time: </b>18:10:24
                     </div>
                     <div>
                        <b>Duration: </b>0 ms
                        
                     </div>
                  </div>
               </td>
            </tr>
            <tr></tr>
            <tr id="selenium.Testing1_beforeMethod_byClass_PASS12_row"
                class="testMethodStatusPASS testMethodStatusCONF">
               <td width="100%" class="firstMethodCell">
                  <a onclick="toggleDetailsVisibility('selenium.Testing1_beforeMethod_byClass_PASS12_details')">beforeMethod()</a>
               </td>
               <td nowrap="true">18:10:24</td>
               <td nowrap="true" align="right">1 ms
                  
               </td>
               <td nowrap="true">
                   
                  
               </td>
            </tr>
            <tr>
               <td colspan="4" class="detailsBox">
                  <div id="selenium.Testing1_beforeMethod_byClass_PASS12_details"
                       class="testMethodDetails">
                     <div>
                        <b>Name: </b>beforeMethod
                     </div>
                     <div>
                        <b>Signature: </b>beforeMethod()[pri:0, instance:selenium.Testing1@1bc6a36e]
                     </div>
                     <div>
                        <b>Start time: </b>18:10:24
                     </div>
                     <div>
                        <b>End time: </b>18:10:24
                     </div>
                     <div>
                        <b>Duration: </b>1 ms
                        
                     </div>
                  </div>
               </td>
            </tr>
            <tr></tr>
            <tr id="selenium.Testing1_beforeMethod_byClass_PASS13_row"
                class="testMethodStatusPASS testMethodStatusCONF">
               <td width="100%" class="firstMethodCell">
                  <a onclick="toggleDetailsVisibility('selenium.Testing1_beforeMethod_byClass_PASS13_details')">beforeMethod()</a>
               </td>
               <td nowrap="true">18:10:24</td>
               <td nowrap="true" align="right">0 ms
                  
               </td>
               <td nowrap="true">
                   
                  
               </td>
            </tr>
            <tr>
               <td colspan="4" class="detailsBox">
                  <div id="selenium.Testing1_beforeMethod_byClass_PASS13_details"
                       class="testMethodDetails">
                     <div>
                        <b>Name: </b>beforeMethod
                     </div>
                     <div>
                        <b>Signature: </b>beforeMethod()[pri:0, instance:selenium.Testing1@1bc6a36e]
                     </div>
                     <div>
                        <b>Start time: </b>18:10:24
                     </div>
                     <div>
                        <b>End time: </b>18:10:24
                     </div>
                     <div>
                        <b>Duration: </b>0 ms
                        
                     </div>
                  </div>
               </td>
            </tr>
            <tr></tr>
            <tr id="selenium.Testing1_f_byClass_PASS14_row" class="testMethodStatusPASS">
               <td width="100%" class="firstMethodCell">
                  <a onclick="toggleDetailsVisibility('selenium.Testing1_f_byClass_PASS14_details')">f(2
                     
                     ,
                     
                     b)
                  </a>
               </td>
               <td nowrap="true">18:10:24</td>
               <td nowrap="true" align="right">0 ms
                  
               </td>
               <td nowrap="true">
                   
                  
               </td>
            </tr>
            <tr>
               <td colspan="4" class="detailsBox">
                  <div id="selenium.Testing1_f_byClass_PASS14_details" class="testMethodDetails">
                     <div>
                        <b>Name: </b>f
                     </div>
                     <div>
                        <b>Signature: </b>f(java.lang.Integer, java.lang.String)[pri:0, instance:selenium.Testing1@1bc6a36e]
                     </div>
                     <div>
                        <b>Parameters: </b>
                        
                        2
                        
                        ,
                        
                        b
                        
                        
                     </div>
                     <div>
                        <b>Start time: </b>18:10:24
                     </div>
                     <div>
                        <b>End time: </b>18:10:24
                     </div>
                     <div>
                        <b>Duration: </b>0 ms
                        
                     </div>
                  </div>
               </td>
            </tr>
            <tr></tr>
            <tr id="selenium.Testing1_afterMethod_byClass_PASS15_row"
                class="testMethodStatusPASS testMethodStatusCONF">
               <td width="100%" class="firstMethodCell">
                  <a onclick="toggleDetailsVisibility('selenium.Testing1_afterMethod_byClass_PASS15_details')">afterMethod()</a>
               </td>
               <td nowrap="true">18:10:24</td>
               <td nowrap="true" align="right">0 ms
                  
               </td>
               <td nowrap="true">
                   
                  
               </td>
            </tr>
            <tr>
               <td colspan="4" class="detailsBox">
                  <div id="selenium.Testing1_afterMethod_byClass_PASS15_details"
                       class="testMethodDetails">
                     <div>
                        <b>Name: </b>afterMethod
                     </div>
                     <div>
                        <b>Signature: </b>afterMethod()[pri:0, instance:selenium.Testing1@1bc6a36e]
                     </div>
                     <div>
                        <b>Start time: </b>18:10:24
                     </div>
                     <div>
                        <b>End time: </b>18:10:24
                     </div>
                     <div>
                        <b>Duration: </b>0 ms
                        
                     </div>
                  </div>
               </td>
            </tr>
            <tr></tr>
            <tr id="selenium.Testing1_afterClass_byClass_PASS16_row"
                class="testMethodStatusPASS testMethodStatusCONF">
               <td width="100%" class="firstMethodCell">
                  <a onclick="toggleDetailsVisibility('selenium.Testing1_afterClass_byClass_PASS16_details')">afterClass()</a>
               </td>
               <td nowrap="true">18:10:24</td>
               <td nowrap="true" align="right">0 ms
                  
               </td>
               <td nowrap="true">
                   
                  
               </td>
            </tr>
            <tr>
               <td colspan="4" class="detailsBox">
                  <div id="selenium.Testing1_afterClass_byClass_PASS16_details"
                       class="testMethodDetails">
                     <div>
                        <b>Name: </b>afterClass
                     </div>
                     <div>
                        <b>Signature: </b>afterClass()[pri:0, instance:selenium.Testing1@1bc6a36e]
                     </div>
                     <div>
                        <b>Start time: </b>18:10:24
                     </div>
                     <div>
                        <b>End time: </b>18:10:24
                     </div>
                     <div>
                        <b>Duration: </b>0 ms
                        
                     </div>
                  </div>
               </td>
            </tr>
            <tr></tr>
            <tr id="selenium.Testing1_afterTest_byClass_PASS17_row"
                class="testMethodStatusPASS testMethodStatusCONF">
               <td width="100%" class="firstMethodCell">
                  <a onclick="toggleDetailsVisibility('selenium.Testing1_afterTest_byClass_PASS17_details')">afterTest()</a>
               </td>
               <td nowrap="true">18:10:24</td>
               <td nowrap="true" align="right">0 ms
                  
               </td>
               <td nowrap="true">
                   
                  
               </td>
            </tr>
            <tr>
               <td colspan="4" class="detailsBox">
                  <div id="selenium.Testing1_afterTest_byClass_PASS17_details"
                       class="testMethodDetails">
                     <div>
                        <b>Name: </b>afterTest
                     </div>
                     <div>
                        <b>Signature: </b>afterTest()[pri:0, instance:selenium.Testing1@1bc6a36e]
                     </div>
                     <div>
                        <b>Start time: </b>18:10:24
                     </div>
                     <div>
                        <b>End time: </b>18:10:24
                     </div>
                     <div>
                        <b>Duration: </b>0 ms
                        
                     </div>
                  </div>
               </td>
            </tr>
            <tr></tr>
            <tr id="selenium.Testing1_afterSuite_byClass_PASS18_row"
                class="testMethodStatusPASS testMethodStatusCONF">
               <td width="100%" class="firstMethodCell">
                  <a onclick="toggleDetailsVisibility('selenium.Testing1_afterSuite_byClass_PASS18_details')">afterSuite()</a>
               </td>
               <td nowrap="true">18:10:24</td>
               <td nowrap="true" align="right">1 ms
                  
               </td>
               <td nowrap="true">
                   
                  
               </td>
            </tr>
            <tr>
               <td colspan="4" class="detailsBox">
                  <div id="selenium.Testing1_afterSuite_byClass_PASS18_details"
                       class="testMethodDetails">
                     <div>
                        <b>Name: </b>afterSuite
                     </div>
                     <div>
                        <b>Signature: </b>afterSuite()[pri:0, instance:selenium.Testing1@1bc6a36e]
                     </div>
                     <div>
                        <b>Start time: </b>18:10:24
                     </div>
                     <div>
                        <b>End time: </b>18:10:24
                     </div>
                     <div>
                        <b>Duration: </b>1 ms
                        
                     </div>
                  </div>
               </td>
            </tr>
            <tr></tr>
         </table>
         <br></br>
         <table class="testMethodsTable" cellpadding="0" cellspacing="0">
            <tr>
               <td colspan="4">
                  <h3 style="display: inline;">selenium.Testing3</h3>
               </td>
            </tr>
            <tr class="methodsTableHeader">
               <td width="100%">Name</td>
               <td nowrap="true">Started</td>
               <td nowrap="true">Duration</td>
               <td>Exception</td>
            </tr>
            <tr id="selenium.Testing3_homeTest_byClass_PASS1_row" class="testMethodStatusPASS">
               <td width="100%" class="firstMethodCell">
                  <a onclick="toggleDetailsVisibility('selenium.Testing3_homeTest_byClass_PASS1_details')">homeTest()</a>
               </td>
               <td nowrap="true">18:10:24</td>
               <td nowrap="true" align="right">1 ms
                  
               </td>
               <td nowrap="true">
                   
                  
               </td>
            </tr>
            <tr>
               <td colspan="4" class="detailsBox">
                  <div id="selenium.Testing3_homeTest_byClass_PASS1_details" class="testMethodDetails">
                     <div>
                        <b>Name: </b>homeTest
                     </div>
                     <div>
                        <b>Signature: </b>homeTest()[pri:1, instance:selenium.Testing3@1ff8b8f]
                     </div>
                     <div>
                        <b>Start time: </b>18:10:24
                     </div>
                     <div>
                        <b>End time: </b>18:10:24
                     </div>
                     <div>
                        <b>Duration: </b>1 ms
                        
                     </div>
                  </div>
               </td>
            </tr>
            <tr></tr>
            <tr id="selenium.Testing3_mainTest_byClass_FAIL2_row" class="testMethodStatusFAIL">
               <td width="100%" class="firstMethodCell">
                  <a onclick="toggleDetailsVisibility('selenium.Testing3_mainTest_byClass_FAIL2_details')">mainTest()</a>
               </td>
               <td nowrap="true">18:10:24</td>
               <td nowrap="true" align="right">2 ms
                  
               </td>
               <td nowrap="true">
                  <a onclick="toggleDetailsVisibility('selenium.Testing3_mainTest_byClass_FAIL2_exception')">java.lang.AssertionError: 
                     The following asserts failed:
                     	Verifying element expected [true] but found [false]
                     
                  </a>
                   
                  
               </td>
            </tr>
            <tr>
               <td colspan="4" class="detailsBox">
                  <div id="selenium.Testing3_mainTest_byClass_FAIL2_details" class="testMethodDetails">
                     <div>
                        <b>Name: </b>mainTest
                     </div>
                     <div>
                        <b>Signature: </b>mainTest()[pri:2, instance:selenium.Testing3@1ff8b8f]
                     </div>
                     <div>
                        <b>Start time: </b>18:10:24
                     </div>
                     <div>
                        <b>End time: </b>18:10:24
                     </div>
                     <div>
                        <b>Duration: </b>2 ms
                        
                     </div>
                     <div>
                        <b>Depends on methods:
                           
                        </b>
                        <div>
                               -
                           selenium.Testing3.homeTest
                        </div>
                     </div>
                  </div>
               </td>
            </tr>
            <tr>
               <td colspan="4" class="detailsBox">
                  <div id="selenium.Testing3_mainTest_byClass_FAIL2_exception"
                       class="testMethodDetails">
                     <pre style="padding: 5px; margin: 0;">java.lang.AssertionError: The following asserts failed:
                        	Verifying element expected [true] but found [false]
                        	at org.testng.asserts.SoftAssert.assertAll(SoftAssert.java:43)
                        	at selenium.Testing3.mainTest(Testing3.java:25)
                        	at sun.reflect.NativeMethodAccessorImpl.invoke0(Native Method)
                        	at sun.reflect.NativeMethodAccessorImpl.invoke(Unknown Source)
                        	at sun.reflect.DelegatingMethodAccessorImpl.invoke(Unknown Source)
                        	at java.lang.reflect.Method.invoke(Unknown Source)
                        	at org.testng.internal.MethodInvocationHelper.invokeMethod(MethodInvocationHelper.java:85)
                        	at org.testng.internal.Invoker.invokeMethod(Invoker.java:639)
                        	at org.testng.internal.Invoker.invokeTestMethod(Invoker.java:816)
                        	at org.testng.internal.Invoker.invokeTestMethods(Invoker.java:1124)
                        	at org.testng.internal.TestMethodWorker.invokeTestMethods(TestMethodWorker.java:125)
                        	at org.testng.internal.TestMethodWorker.run(TestMethodWorker.java:108)
                        	at org.testng.TestRunner.privateRun(TestRunner.java:774)
                        	at org.testng.TestRunner.run(TestRunner.java:624)
                        	at org.testng.SuiteRunner.runTest(SuiteRunner.java:359)
                        	at org.testng.SuiteRunner.runSequentially(SuiteRunner.java:354)
                        	at org.testng.SuiteRunner.privateRun(SuiteRunner.java:312)
                        	at org.testng.SuiteRunner.run(SuiteRunner.java:261)
                        	at org.testng.SuiteRunnerWorker.runSuite(SuiteRunnerWorker.java:52)
                        	at org.testng.SuiteRunnerWorker.run(SuiteRunnerWorker.java:86)
                        	at org.testng.TestNG.runSuitesSequentially(TestNG.java:1215)
                        	at org.testng.TestNG.runSuitesLocally(TestNG.java:1140)
                        	at org.testng.TestNG.run(TestNG.java:1048)
                        	at org.testng.TestNG.privateMain(TestNG.java:1355)
                        	at org.testng.TestNG.main(TestNG.java:1324)
                     </pre>
                  </div>
               </td>
            </tr>
            <tr id="selenium.Testing3_endTest_byClass_FAIL3_row" class="testMethodStatusFAIL">
               <td width="100%" class="firstMethodCell">
                  <a onclick="toggleDetailsVisibility('selenium.Testing3_endTest_byClass_FAIL3_details')">endTest()</a>
               </td>
               <td nowrap="true">18:10:24</td>
               <td nowrap="true" align="right">1 ms
                  
               </td>
               <td nowrap="true">
                  <a onclick="toggleDetailsVisibility('selenium.Testing3_endTest_byClass_FAIL3_exception')">java.lang.AssertionError: 
                     The following asserts failed:
                     	Verifying element expected [true] but found [false],
                     	Verifying element expected [true] but found [false],
                     	expected [abc1] but found [abc]
                     
                  </a>
                   
                  
               </td>
            </tr>
            <tr>
               <td colspan="4" class="detailsBox">
                  <div id="selenium.Testing3_endTest_byClass_FAIL3_details" class="testMethodDetails">
                     <div>
                        <b>Name: </b>endTest
                     </div>
                     <div>
                        <b>Signature: </b>endTest()[pri:3, instance:selenium.Testing3@1ff8b8f]
                     </div>
                     <div>
                        <b>Start time: </b>18:10:24
                     </div>
                     <div>
                        <b>End time: </b>18:10:24
                     </div>
                     <div>
                        <b>Duration: </b>1 ms
                        
                     </div>
                     <div>
                        <b>Depends on methods:
                           
                        </b>
                        <div>
                               -
                           selenium.Testing3.homeTest
                        </div>
                     </div>
                  </div>
               </td>
            </tr>
            <tr>
               <td colspan="4" class="detailsBox">
                  <div id="selenium.Testing3_endTest_byClass_FAIL3_exception"
                       class="testMethodDetails">
                     <pre style="padding: 5px; margin: 0;">java.lang.AssertionError: The following asserts failed:
                        	Verifying element expected [true] but found [false],
                        	Verifying element expected [true] but found [false],
                        	expected [abc1] but found [abc]
                        	at org.testng.asserts.SoftAssert.assertAll(SoftAssert.java:43)
                        	at selenium.Testing3.endTest(Testing3.java:35)
                        	at sun.reflect.NativeMethodAccessorImpl.invoke0(Native Method)
                        	at sun.reflect.NativeMethodAccessorImpl.invoke(Unknown Source)
                        	at sun.reflect.DelegatingMethodAccessorImpl.invoke(Unknown Source)
                        	at java.lang.reflect.Method.invoke(Unknown Source)
                        	at org.testng.internal.MethodInvocationHelper.invokeMethod(MethodInvocationHelper.java:85)
                        	at org.testng.internal.Invoker.invokeMethod(Invoker.java:639)
                        	at org.testng.internal.Invoker.invokeTestMethod(Invoker.java:816)
                        	at org.testng.internal.Invoker.invokeTestMethods(Invoker.java:1124)
                        	at org.testng.internal.TestMethodWorker.invokeTestMethods(TestMethodWorker.java:125)
                        	at org.testng.internal.TestMethodWorker.run(TestMethodWorker.java:108)
                        	at org.testng.TestRunner.privateRun(TestRunner.java:774)
                        	at org.testng.TestRunner.run(TestRunner.java:624)
                        	at org.testng.SuiteRunner.runTest(SuiteRunner.java:359)
                        	at org.testng.SuiteRunner.runSequentially(SuiteRunner.java:354)
                        	at org.testng.SuiteRunner.privateRun(SuiteRunner.java:312)
                        	at org.testng.SuiteRunner.run(SuiteRunner.java:261)
                        	at org.testng.SuiteRunnerWorker.runSuite(SuiteRunnerWorker.java:52)
                        	at org.testng.SuiteRunnerWorker.run(SuiteRunnerWorker.java:86)
                        	at org.testng.TestNG.runSuitesSequentially(TestNG.java:1215)
                        	at org.testng.TestNG.runSuitesLocally(TestNG.java:1140)
                        	at org.testng.TestNG.run(TestNG.java:1048)
                        	at org.testng.TestNG.privateMain(TestNG.java:1355)
                        	at org.testng.TestNG.main(TestNG.java:1324)
                     </pre>
                  </div>
               </td>
            </tr>
         </table>
         <br></br>
      </div>
      <div style="margin-top: 15px; color: gray; text-align: center; font-size: 9px;">
         Generated with
         
         <a href="http://code.google.com/p/testng-xslt/" style="color: #8888aa;"
            target="_blank">
            TestNG XSLT
            
         </a>
      </div>
   </body>
</html>