<?xml version="1.0" encoding="UTF-8"?>
<!-- Generated by org.testng.reporters.JUnitXMLReporter -->
<testsuite hostname="LAPTOP-SGJDQTGR" ignored="0" name="Test" tests="7" failures="1" timestamp="16 Dec 2018 02:40:37 GMT" time="0.066" errors="0">
  <testcase name="f" time="0.005" classname="Extent.HWMavenExtent.Testing1"/>
  <testcase name="f" time="0.001" classname="Extent.HWMavenExtent.Testing1"/>
  <testcase name="test1" time="0.002" classname="Extent.HWMavenExtent.Testing1"/>
  <testcase name="test2" time="0.001" classname="Extent.HWMavenExtent.Testing1"/>
  <testcase name="homeTest" time="0.002" classname="Extent.HWMavenExtent.Testing3"/>
  <testcase name="mainTest" time="0.002" classname="Extent.HWMavenExtent.Testing3">
    <failure type="java.lang.AssertionError" message="The following asserts failed:
	Verifying element expected [true] but found [false]">
      <![CDATA[java.lang.AssertionError: The following asserts failed:
Verifying element expected [true] but found [false]
at Extent.HWMavenExtent.Testing3.mainTest(Testing3.java:25)
... Removed 26 stack frames]]>
    </failure>
  </testcase> <!-- mainTest -->
  <testcase name="endTest" time="0.0" classname="Extent.HWMavenExtent.Testing3">
    <skipped/>
  </testcase> <!-- endTest -->
</testsuite> <!-- Test -->
